<?xml version="1.0" encoding="UTF-8"?>
<testsuites>
  <testsuite name="fastlane.lanes">
    
    
    
      
      <testcase classname="fastlane.lanes" name="0: default_platform" time="0.000234">
        
      </testcase>
    
      
      <testcase classname="fastlane.lanes" name="1: scan" time="50.023808">
        
      </testcase>
    
      
      <testcase classname="fastlane.lanes" name="2: xcrun simctl install 5503622B-D804-4D33-9D98-11203E1612DD &apos;/Users/jaydip/Library/Developer/Xcode/DerivedData/TestJenkinsDemo-bdcpulmycxxljghjqblhuvowidmn/Build/Products/Debug-iphonesimulator/TestJenkinsDemo.app&apos;" time="0.351374">
        
          <failure message="/Users/jaydip/.rbenv/versions/3.2.2/lib/ruby/gems/3.2.0/gems/fastlane-2.227.1/fastlane/lib/fastlane/actions/actions_helper.rb:67:in `execute_action&apos;&#10;/Users/jaydip/.rbenv/versions/3.2.2/lib/ruby/gems/3.2.0/gems/fastlane-2.227.1/fastlane/lib/fastlane/fast_file.rb:224:in `sh&apos;&#10;/Users/jaydip/.rbenv/versions/3.2.2/lib/ruby/gems/3.2.0/gems/fastlane-2.227.1/fastlane/lib/fastlane/fast_file.rb:216:in `sh&apos;&#10;Fastfile:165:in `block (2 levels) in parsing_binding&apos;&#10;/Users/jaydip/.rbenv/versions/3.2.2/lib/ruby/gems/3.2.0/gems/fastlane-2.227.1/fastlane/lib/fastlane/lane.rb:41:in `call&apos;&#10;/Users/jaydip/.rbenv/versions/3.2.2/lib/ruby/gems/3.2.0/gems/fastlane-2.227.1/fastlane/lib/fastlane/runner.rb:49:in `block in execute&apos;&#10;/Users/jaydip/.rbenv/versions/3.2.2/lib/ruby/gems/3.2.0/gems/fastlane-2.227.1/fastlane/lib/fastlane/runner.rb:45:in `chdir&apos;&#10;/Users/jaydip/.rbenv/versions/3.2.2/lib/ruby/gems/3.2.0/gems/fastlane-2.227.1/fastlane/lib/fastlane/runner.rb:45:in `execute&apos;&#10;/Users/jaydip/.rbenv/versions/3.2.2/lib/ruby/gems/3.2.0/gems/fastlane-2.227.1/fastlane/lib/fastlane/lane_manager.rb:46:in `cruise_lane&apos;&#10;/Users/jaydip/.rbenv/versions/3.2.2/lib/ruby/gems/3.2.0/gems/fastlane-2.227.1/fastlane/lib/fastlane/command_line_handler.rb:34:in `handle&apos;&#10;/Users/jaydip/.rbenv/versions/3.2.2/lib/ruby/gems/3.2.0/gems/fastlane-2.227.1/fastlane/lib/fastlane/commands_generator.rb:110:in `block (2 levels) in run&apos;&#10;/Users/jaydip/.rbenv/versions/3.2.2/lib/ruby/gems/3.2.0/gems/commander-4.6.0/lib/commander/command.rb:187:in `call&apos;&#10;/Users/jaydip/.rbenv/versions/3.2.2/lib/ruby/gems/3.2.0/gems/commander-4.6.0/lib/commander/command.rb:157:in `run&apos;&#10;/Users/jaydip/.rbenv/versions/3.2.2/lib/ruby/gems/3.2.0/gems/commander-4.6.0/lib/commander/runner.rb:444:in `run_active_command&apos;&#10;/Users/jaydip/.rbenv/versions/3.2.2/lib/ruby/gems/3.2.0/gems/fastlane-2.227.1/fastlane_core/lib/fastlane_core/ui/fastlane_runner.rb:124:in `run!&apos;&#10;/Users/jaydip/.rbenv/versions/3.2.2/lib/ruby/gems/3.2.0/gems/commander-4.6.0/lib/commander/delegates.rb:18:in `run!&apos;&#10;/Users/jaydip/.rbenv/versions/3.2.2/lib/ruby/gems/3.2.0/gems/fastlane-2.227.1/fastlane/lib/fastlane/commands_generator.rb:363:in `run&apos;&#10;/Users/jaydip/.rbenv/versions/3.2.2/lib/ruby/gems/3.2.0/gems/fastlane-2.227.1/fastlane/lib/fastlane/commands_generator.rb:43:in `start&apos;&#10;/Users/jaydip/.rbenv/versions/3.2.2/lib/ruby/gems/3.2.0/gems/fastlane-2.227.1/fastlane/lib/fastlane/cli_tools_distributor.rb:123:in `take_off&apos;&#10;/Users/jaydip/.rbenv/versions/3.2.2/lib/ruby/gems/3.2.0/gems/fastlane-2.227.1/bin/fastlane:23:in `&lt;top (required)&gt;&apos;&#10;/Users/jaydip/.rbenv/versions/3.2.2/bin/fastlane:25:in `load&apos;&#10;/Users/jaydip/.rbenv/versions/3.2.2/bin/fastlane:25:in `&lt;top (required)&gt;&apos;&#10;/Users/jaydip/.rbenv/versions/3.2.2/lib/ruby/gems/3.2.0/gems/bundler-2.6.6/lib/bundler/cli/exec.rb:59:in `load&apos;&#10;/Users/jaydip/.rbenv/versions/3.2.2/lib/ruby/gems/3.2.0/gems/bundler-2.6.6/lib/bundler/cli/exec.rb:59:in `kernel_load&apos;&#10;/Users/jaydip/.rbenv/versions/3.2.2/lib/ruby/gems/3.2.0/gems/bundler-2.6.6/lib/bundler/cli/exec.rb:23:in `run&apos;&#10;/Users/jaydip/.rbenv/versions/3.2.2/lib/ruby/gems/3.2.0/gems/bundler-2.6.6/lib/bundler/cli.rb:452:in `exec&apos;&#10;/Users/jaydip/.rbenv/versions/3.2.2/lib/ruby/gems/3.2.0/gems/bundler-2.6.6/lib/bundler/vendor/thor/lib/thor/command.rb:28:in `run&apos;&#10;/Users/jaydip/.rbenv/versions/3.2.2/lib/ruby/gems/3.2.0/gems/bundler-2.6.6/lib/bundler/vendor/thor/lib/thor/invocation.rb:127:in `invoke_command&apos;&#10;/Users/jaydip/.rbenv/versions/3.2.2/lib/ruby/gems/3.2.0/gems/bundler-2.6.6/lib/bundler/vendor/thor/lib/thor.rb:538:in `dispatch&apos;&#10;/Users/jaydip/.rbenv/versions/3.2.2/lib/ruby/gems/3.2.0/gems/bundler-2.6.6/lib/bundler/cli.rb:35:in `dispatch&apos;&#10;/Users/jaydip/.rbenv/versions/3.2.2/lib/ruby/gems/3.2.0/gems/bundler-2.6.6/lib/bundler/vendor/thor/lib/thor/base.rb:584:in `start&apos;&#10;/Users/jaydip/.rbenv/versions/3.2.2/lib/ruby/gems/3.2.0/gems/bundler-2.6.6/lib/bundler/cli.rb:29:in `start&apos;&#10;/Users/jaydip/.rbenv/versions/3.2.2/lib/ruby/gems/3.2.0/gems/bundler-2.6.6/exe/bundle:28:in `block in &lt;top (required)&gt;&apos;&#10;/Users/jaydip/.rbenv/versions/3.2.2/lib/ruby/gems/3.2.0/gems/bundler-2.6.6/lib/bundler/friendly_errors.rb:117:in `with_friendly_errors&apos;&#10;/Users/jaydip/.rbenv/versions/3.2.2/lib/ruby/gems/3.2.0/gems/bundler-2.6.6/exe/bundle:20:in `&lt;top (required)&gt;&apos;&#10;/Users/jaydip/.rbenv/versions/3.2.2/bin/bundle:25:in `load&apos;&#10;/Users/jaydip/.rbenv/versions/3.2.2/bin/bundle:25:in `&lt;main&gt;&apos;&#10;&#10;Exit status of command &apos;xcrun simctl install 5503622B-D804-4D33-9D98-11203E1612DD &apos;/Users/jaydip/Library/Developer/Xcode/DerivedData/TestJenkinsDemo-bdcpulmycxxljghjqblhuvowidmn/Build/Products/Debug-iphonesimulator/TestJenkinsDemo.app&apos;&apos; was 149 instead of 0.&#10;An error was encountered processing the command (domain=com.apple.CoreSimulator.SimError, code=405):&#10;Unable to lookup in current state: Shutdown&#10;" />
        
      </testcase>
    
      
      <testcase classname="fastlane.lanes" name="3: xcrun simctl install 5503622B-D804-4D33-9D98-11203E1612DD &apos;/Users/jaydip/Library/Developer/Xcode/DerivedData/TestJenkinsDemo-bdcpulmycxxljghjqblhuvowidmn/Build/Products/Debug-iphonesimulator/TestJenkinsDemo.app&apos;" time="6.883571">
        
      </testcase>
    
      
      <testcase classname="fastlane.lanes" name="4: xcrun simctl launch 5503622B-D804-4D33-9D98-11203E1612DD com.vrinsoft.ioscicd" time="0.446143">
        
          <failure message="/Users/jaydip/.rbenv/versions/3.2.2/lib/ruby/gems/3.2.0/gems/fastlane-2.227.1/fastlane/lib/fastlane/actions/actions_helper.rb:67:in `execute_action&apos;&#10;/Users/jaydip/.rbenv/versions/3.2.2/lib/ruby/gems/3.2.0/gems/fastlane-2.227.1/fastlane/lib/fastlane/fast_file.rb:224:in `sh&apos;&#10;/Users/jaydip/.rbenv/versions/3.2.2/lib/ruby/gems/3.2.0/gems/fastlane-2.227.1/fastlane/lib/fastlane/fast_file.rb:216:in `sh&apos;&#10;Fastfile:176:in `block (2 levels) in parsing_binding&apos;&#10;/Users/jaydip/.rbenv/versions/3.2.2/lib/ruby/gems/3.2.0/gems/fastlane-2.227.1/fastlane/lib/fastlane/lane.rb:41:in `call&apos;&#10;/Users/jaydip/.rbenv/versions/3.2.2/lib/ruby/gems/3.2.0/gems/fastlane-2.227.1/fastlane/lib/fastlane/runner.rb:49:in `block in execute&apos;&#10;/Users/jaydip/.rbenv/versions/3.2.2/lib/ruby/gems/3.2.0/gems/fastlane-2.227.1/fastlane/lib/fastlane/runner.rb:45:in `chdir&apos;&#10;/Users/jaydip/.rbenv/versions/3.2.2/lib/ruby/gems/3.2.0/gems/fastlane-2.227.1/fastlane/lib/fastlane/runner.rb:45:in `execute&apos;&#10;/Users/jaydip/.rbenv/versions/3.2.2/lib/ruby/gems/3.2.0/gems/fastlane-2.227.1/fastlane/lib/fastlane/lane_manager.rb:46:in `cruise_lane&apos;&#10;/Users/jaydip/.rbenv/versions/3.2.2/lib/ruby/gems/3.2.0/gems/fastlane-2.227.1/fastlane/lib/fastlane/command_line_handler.rb:34:in `handle&apos;&#10;/Users/jaydip/.rbenv/versions/3.2.2/lib/ruby/gems/3.2.0/gems/fastlane-2.227.1/fastlane/lib/fastlane/commands_generator.rb:110:in `block (2 levels) in run&apos;&#10;/Users/jaydip/.rbenv/versions/3.2.2/lib/ruby/gems/3.2.0/gems/commander-4.6.0/lib/commander/command.rb:187:in `call&apos;&#10;/Users/jaydip/.rbenv/versions/3.2.2/lib/ruby/gems/3.2.0/gems/commander-4.6.0/lib/commander/command.rb:157:in `run&apos;&#10;/Users/jaydip/.rbenv/versions/3.2.2/lib/ruby/gems/3.2.0/gems/commander-4.6.0/lib/commander/runner.rb:444:in `run_active_command&apos;&#10;/Users/jaydip/.rbenv/versions/3.2.2/lib/ruby/gems/3.2.0/gems/fastlane-2.227.1/fastlane_core/lib/fastlane_core/ui/fastlane_runner.rb:124:in `run!&apos;&#10;/Users/jaydip/.rbenv/versions/3.2.2/lib/ruby/gems/3.2.0/gems/commander-4.6.0/lib/commander/delegates.rb:18:in `run!&apos;&#10;/Users/jaydip/.rbenv/versions/3.2.2/lib/ruby/gems/3.2.0/gems/fastlane-2.227.1/fastlane/lib/fastlane/commands_generator.rb:363:in `run&apos;&#10;/Users/jaydip/.rbenv/versions/3.2.2/lib/ruby/gems/3.2.0/gems/fastlane-2.227.1/fastlane/lib/fastlane/commands_generator.rb:43:in `start&apos;&#10;/Users/jaydip/.rbenv/versions/3.2.2/lib/ruby/gems/3.2.0/gems/fastlane-2.227.1/fastlane/lib/fastlane/cli_tools_distributor.rb:123:in `take_off&apos;&#10;/Users/jaydip/.rbenv/versions/3.2.2/lib/ruby/gems/3.2.0/gems/fastlane-2.227.1/bin/fastlane:23:in `&lt;top (required)&gt;&apos;&#10;/Users/jaydip/.rbenv/versions/3.2.2/bin/fastlane:25:in `load&apos;&#10;/Users/jaydip/.rbenv/versions/3.2.2/bin/fastlane:25:in `&lt;top (required)&gt;&apos;&#10;/Users/jaydip/.rbenv/versions/3.2.2/lib/ruby/gems/3.2.0/gems/bundler-2.6.6/lib/bundler/cli/exec.rb:59:in `load&apos;&#10;/Users/jaydip/.rbenv/versions/3.2.2/lib/ruby/gems/3.2.0/gems/bundler-2.6.6/lib/bundler/cli/exec.rb:59:in `kernel_load&apos;&#10;/Users/jaydip/.rbenv/versions/3.2.2/lib/ruby/gems/3.2.0/gems/bundler-2.6.6/lib/bundler/cli/exec.rb:23:in `run&apos;&#10;/Users/jaydip/.rbenv/versions/3.2.2/lib/ruby/gems/3.2.0/gems/bundler-2.6.6/lib/bundler/cli.rb:452:in `exec&apos;&#10;/Users/jaydip/.rbenv/versions/3.2.2/lib/ruby/gems/3.2.0/gems/bundler-2.6.6/lib/bundler/vendor/thor/lib/thor/command.rb:28:in `run&apos;&#10;/Users/jaydip/.rbenv/versions/3.2.2/lib/ruby/gems/3.2.0/gems/bundler-2.6.6/lib/bundler/vendor/thor/lib/thor/invocation.rb:127:in `invoke_command&apos;&#10;/Users/jaydip/.rbenv/versions/3.2.2/lib/ruby/gems/3.2.0/gems/bundler-2.6.6/lib/bundler/vendor/thor/lib/thor.rb:538:in `dispatch&apos;&#10;/Users/jaydip/.rbenv/versions/3.2.2/lib/ruby/gems/3.2.0/gems/bundler-2.6.6/lib/bundler/cli.rb:35:in `dispatch&apos;&#10;/Users/jaydip/.rbenv/versions/3.2.2/lib/ruby/gems/3.2.0/gems/bundler-2.6.6/lib/bundler/vendor/thor/lib/thor/base.rb:584:in `start&apos;&#10;/Users/jaydip/.rbenv/versions/3.2.2/lib/ruby/gems/3.2.0/gems/bundler-2.6.6/lib/bundler/cli.rb:29:in `start&apos;&#10;/Users/jaydip/.rbenv/versions/3.2.2/lib/ruby/gems/3.2.0/gems/bundler-2.6.6/exe/bundle:28:in `block in &lt;top (required)&gt;&apos;&#10;/Users/jaydip/.rbenv/versions/3.2.2/lib/ruby/gems/3.2.0/gems/bundler-2.6.6/lib/bundler/friendly_errors.rb:117:in `with_friendly_errors&apos;&#10;/Users/jaydip/.rbenv/versions/3.2.2/lib/ruby/gems/3.2.0/gems/bundler-2.6.6/exe/bundle:20:in `&lt;top (required)&gt;&apos;&#10;/Users/jaydip/.rbenv/versions/3.2.2/bin/bundle:25:in `load&apos;&#10;/Users/jaydip/.rbenv/versions/3.2.2/bin/bundle:25:in `&lt;main&gt;&apos;&#10;&#10;Exit status of command &apos;xcrun simctl launch 5503622B-D804-4D33-9D98-11203E1612DD com.vrinsoft.ioscicd&apos; was 4 instead of 0.&#10;An error was encountered processing the command (domain=FBSOpenApplicationServiceErrorDomain, code=4):&#10;Simulator device failed to launch com.vrinsoft.ioscicd.&#10;Underlying error (domain=FBSOpenApplicationServiceErrorDomain, code=4):&#10;	The request to open &quot;com.vrinsoft.ioscicd&quot; failed.&#10;" />
        
      </testcase>
    
  </testsuite>
</testsuites>
